<?xml version="1.0" encoding="UTF-8"?>
<!-- Generated by org.testng.reporters.JUnitXMLReporter -->
<testsuite hostname="GCHAND-DT" ignored="2" name="Shield TV  Page, SHIELD  pro product" tests="13" failures="0" timestamp="18 Apr 2017 13:39:03 GMT" time="32.836" errors="0">
  <testcase name="addProductToCart" time="2.174" classname="shield.enus.com.nvidia.www.javatests.AddToCartTestCases"/>
  <testcase name="verifyButtonText" time="0.021" classname="shield.enus.com.nvidia.www.javatests.AddToCartTestCases"/>
  <testcase name="verifyPrice" time="0.015" classname="shield.enus.com.nvidia.www.javatests.AddToCartTestCases"/>
  <testcase name="verifyCartOverLayPopup" time="0.022" classname="shield.enus.com.nvidia.www.javatests.AddToCartTestCases"/>
  <testcase name="verifyProductAddedToCart" time="0.025" classname="shield.enus.com.nvidia.www.javatests.AddToCartTestCases"/>
  <testcase name="verifyCartTotalAmout" time="0.018" classname="shield.enus.com.nvidia.www.javatests.AddToCartTestCases"/>
  <testcase name="verifyCartSubTotal" time="0.036" classname="shield.enus.com.nvidia.www.javatests.AddToCartTestCases"/>
  <testcase name="verifyCartCounterUpdate" time="0.011" classname="shield.enus.com.nvidia.www.javatests.AddToCartTestCases"/>
  <testcase name="verifyCartProductCountIncrease" time="5.143" classname="shield.enus.com.nvidia.www.javatests.AddToCartTestCases"/>
  <testcase name="verifyCartProductCountDeCrease" time="5.106" classname="shield.enus.com.nvidia.www.javatests.AddToCartTestCases"/>
  <testcase name="verifyRemoveProductFromCart" time="5.1" classname="shield.enus.com.nvidia.www.javatests.AddToCartTestCases"/>
  <testcase name="verifyCartEmptymessage" time="5.081" classname="shield.enus.com.nvidia.www.javatests.AddToCartTestCases"/>
  <testcase name="verifyCartClose" time="0.063" classname="shield.enus.com.nvidia.www.javatests.AddToCartTestCases"/>
  <testcase name="specificProductCheckout" time="0.0" classname="shield.enus.com.nvidia.www.javatests.AddToCartTestCases">
    <ignored/>
  </testcase> <!-- specificProductCheckout -->
  <testcase name="verifyCheckout" time="0.0" classname="shield.enus.com.nvidia.www.javatests.AddToCartTestCases">
    <ignored/>
  </testcase> <!-- verifyCheckout -->
</testsuite> <!-- Shield TV  Page, SHIELD  pro product -->
