<?xml version="1.0" encoding="UTF-8"?>
<!-- Generated by org.testng.reporters.JUnitXMLReporter -->
<testsuite hostname="GCHAND-DT" ignored="1" name="Shield TV  Page, SHIELD product" tests="14" failures="0" timestamp="18 Apr 2017 13:29:45 GMT" time="98.309" errors="0">
  <testcase name="addProductToCart" time="2.178" classname="shield.enus.com.nvidia.www.javatests.AddToCartTestCases"/>
  <testcase name="verifyButtonText" time="0.019" classname="shield.enus.com.nvidia.www.javatests.AddToCartTestCases"/>
  <testcase name="verifyPrice" time="0.014" classname="shield.enus.com.nvidia.www.javatests.AddToCartTestCases"/>
  <testcase name="verifyCartOverLayPopup" time="0.021" classname="shield.enus.com.nvidia.www.javatests.AddToCartTestCases"/>
  <testcase name="verifyProductAddedToCart" time="0.029" classname="shield.enus.com.nvidia.www.javatests.AddToCartTestCases"/>
  <testcase name="verifyCartTotalAmout" time="0.021" classname="shield.enus.com.nvidia.www.javatests.AddToCartTestCases"/>
  <testcase name="verifyCartSubTotal" time="0.033" classname="shield.enus.com.nvidia.www.javatests.AddToCartTestCases"/>
  <testcase name="verifyCartCounterUpdate" time="0.008" classname="shield.enus.com.nvidia.www.javatests.AddToCartTestCases"/>
  <testcase name="verifyCartProductCountIncrease" time="5.113" classname="shield.enus.com.nvidia.www.javatests.AddToCartTestCases"/>
  <testcase name="verifyCartProductCountDeCrease" time="5.102" classname="shield.enus.com.nvidia.www.javatests.AddToCartTestCases"/>
  <testcase name="verifyRemoveProductFromCart" time="5.117" classname="shield.enus.com.nvidia.www.javatests.AddToCartTestCases"/>
  <testcase name="verifyCartEmptymessage" time="5.065" classname="shield.enus.com.nvidia.www.javatests.AddToCartTestCases"/>
  <testcase name="verifyCartClose" time="0.072" classname="shield.enus.com.nvidia.www.javatests.AddToCartTestCases"/>
  <testcase name="verifyCheckout" time="67.199" classname="shield.enus.com.nvidia.www.javatests.AddToCartTestCases"/>
  <testcase name="specificProductCheckout" time="0.0" classname="shield.enus.com.nvidia.www.javatests.AddToCartTestCases">
    <ignored/>
  </testcase> <!-- specificProductCheckout -->
</testsuite> <!-- Shield TV  Page, SHIELD product -->
