<?xml version="1.0" encoding="UTF-8"?>
<!-- Generated by org.testng.reporters.JUnitXMLReporter -->
<testsuite hostname="GCHAND-DT" name="Shield Home Page, SHIELD product" tests="14" failures="0" timestamp="20 Apr 2017 06:10:20 GMT" time="86.671" errors="0">
  <testcase name="addProductToCart" time="2.155" classname="shield.enus.com.nvidia.www.javatests.AddToCartTestCases"/>
  <testcase name="verifyButtonText" time="0.018" classname="shield.enus.com.nvidia.www.javatests.AddToCartTestCases"/>
  <testcase name="verifyPrice" time="0.015" classname="shield.enus.com.nvidia.www.javatests.AddToCartTestCases"/>
  <testcase name="verifyCartOverLayPopup" time="0.033" classname="shield.enus.com.nvidia.www.javatests.AddToCartTestCases"/>
  <testcase name="verifyProductAddedToCart" time="0.041" classname="shield.enus.com.nvidia.www.javatests.AddToCartTestCases"/>
  <testcase name="verifyCartTotalAmout" time="0.056" classname="shield.enus.com.nvidia.www.javatests.AddToCartTestCases"/>
  <testcase name="verifyCartSubTotal" time="0.133" classname="shield.enus.com.nvidia.www.javatests.AddToCartTestCases"/>
  <testcase name="verifyCartCounterUpdate" time="0.016" classname="shield.enus.com.nvidia.www.javatests.AddToCartTestCases"/>
  <testcase name="verifyCartProductCountIncrease" time="5.114" classname="shield.enus.com.nvidia.www.javatests.AddToCartTestCases"/>
  <testcase name="verifyCartProductCountDeCrease" time="5.093" classname="shield.enus.com.nvidia.www.javatests.AddToCartTestCases"/>
  <testcase name="verifyRemoveProductFromCart" time="5.114" classname="shield.enus.com.nvidia.www.javatests.AddToCartTestCases"/>
  <testcase name="verifyCartEmptymessage" time="5.024" classname="shield.enus.com.nvidia.www.javatests.AddToCartTestCases"/>
  <testcase name="verifyCartClose" time="0.04" classname="shield.enus.com.nvidia.www.javatests.AddToCartTestCases"/>
  <testcase name="verifyCheckout" time="50.981" classname="shield.enus.com.nvidia.www.javatests.AddToCartTestCases"/>
</testsuite> <!-- Shield Home Page, SHIELD product -->
