<html>
<head>
<title>TestNG:  Shield TV  Page, SHIELD Pro stand  product</title>
<link href="../testng.css" rel="stylesheet" type="text/css" />
<link href="../my-testng.css" rel="stylesheet" type="text/css" />

<style type="text/css">
.log { display: none;} 
.stack-trace { display: none;} 
</style>
<script type="text/javascript">
<!--
function flip(e) {
  current = e.style.display;
  if (current == 'block') {
    e.style.display = 'none';
    return 0;
  }
  else {
    e.style.display = 'block';
    return 1;
  }
}

function toggleBox(szDivId, elem, msg1, msg2)
{
  var res = -1;  if (document.getElementById) {
    res = flip(document.getElementById(szDivId));
  }
  else if (document.all) {
    // this is the way old msie versions work
    res = flip(document.all[szDivId]);
  }
  if(elem) {
    if(res == 0) elem.innerHTML = msg1; else elem.innerHTML = msg2;
  }

}

function toggleAllBoxes() {
  if (document.getElementsByTagName) {
    d = document.getElementsByTagName('div');
    for (i = 0; i < d.length; i++) {
      if (d[i].className == 'log') {
        flip(d[i]);
      }
    }
  }
}

// -->
</script>

</head>
<body>
<h2 align='center'>Shield TV  Page, SHIELD Pro stand  product</h2><table border='1' align="center">
<tr>
<td>Tests passed/Failed/Skipped:</td><td>12/1/0</td>
</tr><tr>
<td>Started on:</td><td>Fri Apr 07 16:55:50 IST 2017</td>
</tr>
<tr><td>Total time:</td><td>34 seconds (34062 ms)</td>
</tr><tr>
<td>Included groups:</td><td></td>
</tr><tr>
<td>Excluded groups:</td><td></td>
</tr>
</table><p/>
<small><i>(Hover the method name to see the test class name)</i></small><p/>
<table width='100%' border='1' class='invocation-failed'>
<tr><td colspan='4' align='center'><b>FAILED TESTS</b></td></tr>
<tr><td><b>Test method</b></td>
<td width="30%"><b>Exception</b></td>
<td width="10%"><b>Time (seconds)</b></td>
<td><b>Instance</b></td>
</tr>
<tr>
<td title='shield.enus.com.nvidia.www.javatests.AddToCartTestCases.verifyButtonText()'><b>verifyButtonText</b><br>Test class: shield.enus.com.nvidia.www.javatests.AddToCartTestCases<br>Parameters: 5088905400, AIN DEN EINKAUFSWAGEN<br/>
<a href="#Output-859690270" onClick='toggleBox("Output-859690270", this, "Show output", "Hide output");'>Show output</a>

<a href="#Output-859690270" onClick="toggleAllBoxes();">Show all outputs</a>
<div class='log' id="Output-859690270">
productID: 5088905400 provided buttonText: AIN DEN EINKAUFSWAGEN Actual Button Text: IN DEN EINKAUFSWAGEN<br/>
</div>
</td>
<td><div><pre>java.lang.AssertionError: expected [true] but found [false]
	at shield.enus.com.nvidia.www.javatests.AddToCartTestCases.verifyButtonText(AddToCartTestCases.java:34)
... Removed 28 stack frames</pre></div><a href='#' onClick='toggleBox("stack-trace859690270", this, "Click to show all stack frames", "Click to hide stack frames")'>Click to show all stack frames</a>
<div class='stack-trace' id='stack-trace859690270'><pre>java.lang.AssertionError: expected [true] but found [false]
	at org.testng.Assert.fail(Assert.java:94)
	at org.testng.Assert.failNotEquals(Assert.java:494)
	at org.testng.Assert.assertTrue(Assert.java:42)
	at org.testng.Assert.assertTrue(Assert.java:52)
	at shield.enus.com.nvidia.www.javatests.AddToCartTestCases.verifyButtonText(AddToCartTestCases.java:34)
	at sun.reflect.NativeMethodAccessorImpl.invoke0(Native Method)
	at sun.reflect.NativeMethodAccessorImpl.invoke(NativeMethodAccessorImpl.java:62)
	at sun.reflect.DelegatingMethodAccessorImpl.invoke(DelegatingMethodAccessorImpl.java:43)
	at java.lang.reflect.Method.invoke(Method.java:498)
	at org.testng.internal.MethodInvocationHelper.invokeMethod(MethodInvocationHelper.java:80)
	at org.testng.internal.Invoker.invokeMethod(Invoker.java:714)
	at org.testng.internal.Invoker.invokeTestMethod(Invoker.java:901)
	at org.testng.internal.Invoker.invokeTestMethods(Invoker.java:1231)
	at org.testng.internal.TestMethodWorker.invokeTestMethods(TestMethodWorker.java:127)
	at org.testng.internal.TestMethodWorker.run(TestMethodWorker.java:111)
	at org.testng.TestRunner.privateRun(TestRunner.java:767)
	at org.testng.TestRunner.run(TestRunner.java:617)
	at org.testng.SuiteRunner.runTest(SuiteRunner.java:334)
	at org.testng.SuiteRunner.runSequentially(SuiteRunner.java:329)
	at org.testng.SuiteRunner.privateRun(SuiteRunner.java:291)
	at org.testng.SuiteRunner.run(SuiteRunner.java:240)
	at org.testng.SuiteRunnerWorker.runSuite(SuiteRunnerWorker.java:52)
	at org.testng.SuiteRunnerWorker.run(SuiteRunnerWorker.java:86)
	at org.testng.TestNG.runSuitesSequentially(TestNG.java:1198)
	at org.testng.TestNG.runSuitesLocally(TestNG.java:1123)
	at org.testng.TestNG.run(TestNG.java:1031)
	at org.testng.remote.AbstractRemoteTestNG.run(AbstractRemoteTestNG.java:126)
	at org.testng.remote.RemoteTestNG.initAndRun(RemoteTestNG.java:152)
	at org.testng.remote.RemoteTestNG.main(RemoteTestNG.java:57)
</pre></div></td>
<td>0</td>
<td>shield.enus.com.nvidia.www.javatests.AddToCartTestCases@d44fc21</td></tr>
</table><p>
<table width='100%' border='1' class='invocation-passed'>
<tr><td colspan='4' align='center'><b>PASSED TESTS</b></td></tr>
<tr><td><b>Test method</b></td>
<td width="30%"><b>Exception</b></td>
<td width="10%"><b>Time (seconds)</b></td>
<td><b>Instance</b></td>
</tr>
<tr>
<td title='shield.enus.com.nvidia.www.javatests.AddToCartTestCases.addProductToCart()'><b>addProductToCart</b><br>Test class: shield.enus.com.nvidia.www.javatests.AddToCartTestCases<br>Parameters: 5088905400<br/>
<a href="#Output-1865219266" onClick='toggleBox("Output-1865219266", this, "Show output", "Hide output");'>Show output</a>

<a href="#Output-1865219266" onClick="toggleAllBoxes();">Show all outputs</a>
<div class='log' id="Output-1865219266">
info: Web element scrolling success [[FirefoxDriver: firefox on ANY (bf33810c-3ce8-49fd-88eb-2b05830dffbf)] -> xpath: .//li[contains(@data-tab, '-tab-2')]]<br/>
info: Web element scrolling success [[FirefoxDriver: firefox on ANY (bf33810c-3ce8-49fd-88eb-2b05830dffbf)] -> xpath: .//div[starts-with(@class,'product-row__item js-product-item') and @data-digital-river-id='5088905400']/div[2]/a]<br/>
Info: Button call to action works as expected<br/>
</div>
</td>
<td></td>
<td>4</td>
<td>shield.enus.com.nvidia.www.javatests.AddToCartTestCases@d44fc21</td></tr>
<tr>
<td title='shield.enus.com.nvidia.www.javatests.AddToCartTestCases.verifyCartClose()'><b>verifyCartClose</b><br>Test class: shield.enus.com.nvidia.www.javatests.AddToCartTestCases<br/>
<a href="#Output-1601935322" onClick='toggleBox("Output-1601935322", this, "Show output", "Hide output");'>Show output</a>

<a href="#Output-1601935322" onClick="toggleAllBoxes();">Show all outputs</a>
<div class='log' id="Output-1601935322">
 Clicked the Cart pop-up <br/>
Cart pop-up is closed<br/>
</div>
</td>
<td></td>
<td>0</td>
<td>shield.enus.com.nvidia.www.javatests.AddToCartTestCases@d44fc21</td></tr>
<tr>
<td title='shield.enus.com.nvidia.www.javatests.AddToCartTestCases.verifyCartCounterUpdate()'><b>verifyCartCounterUpdate</b><br>Test class: shield.enus.com.nvidia.www.javatests.AddToCartTestCases<br/>
<a href="#Output-1414013111" onClick='toggleBox("Output-1414013111", this, "Show output", "Hide output");'>Show output</a>

<a href="#Output-1414013111" onClick="toggleAllBoxes();">Show all outputs</a>
<div class='log' id="Output-1414013111">
Cart Counter has updated once added the product <br/>
</div>
</td>
<td></td>
<td>0</td>
<td>shield.enus.com.nvidia.www.javatests.AddToCartTestCases@d44fc21</td></tr>
<tr>
<td title='shield.enus.com.nvidia.www.javatests.AddToCartTestCases.verifyCartEmptymessage()'><b>verifyCartEmptymessage</b><br>Test class: shield.enus.com.nvidia.www.javatests.AddToCartTestCases<br>Parameters: 5088905400<br/>
<a href="#Output-234740890" onClick='toggleBox("Output-234740890", this, "Show output", "Hide output");'>Show output</a>

<a href="#Output-234740890" onClick="toggleAllBoxes();">Show all outputs</a>
<div class='log' id="Output-234740890">
product has remvoed from cart<br/>
Empty message is shows as expected <br/>
Empty message from Cart: Your cart is empty<br/>
</div>
</td>
<td></td>
<td>5</td>
<td>shield.enus.com.nvidia.www.javatests.AddToCartTestCases@d44fc21</td></tr>
<tr>
<td title='shield.enus.com.nvidia.www.javatests.AddToCartTestCases.verifyCartOverLayPopup()'><b>verifyCartOverLayPopup</b><br>Test class: shield.enus.com.nvidia.www.javatests.AddToCartTestCases<br>Parameters: 5088905400<br/>
<a href="#Output-904253669" onClick='toggleBox("Output-904253669", this, "Show output", "Hide output");'>Show output</a>

<a href="#Output-904253669" onClick="toggleAllBoxes();">Show all outputs</a>
<div class='log' id="Output-904253669">
Info: Cart overLay pop-up shows after added the product<br/>
</div>
</td>
<td></td>
<td>0</td>
<td>shield.enus.com.nvidia.www.javatests.AddToCartTestCases@d44fc21</td></tr>
<tr>
<td title='shield.enus.com.nvidia.www.javatests.AddToCartTestCases.verifyCartProductCountDeCrease()'><b>verifyCartProductCountDeCrease</b><br>Test class: shield.enus.com.nvidia.www.javatests.AddToCartTestCases<br>Parameters: 5088905400<br/>
<a href="#Output-1591916281" onClick='toggleBox("Output-1591916281", this, "Show output", "Hide output");'>Show output</a>

<a href="#Output-1591916281" onClick="toggleAllBoxes();">Show all outputs</a>
<div class='log' id="Output-1591916281">
product count is  decreased as expected<br/>
</div>
</td>
<td></td>
<td>5</td>
<td>shield.enus.com.nvidia.www.javatests.AddToCartTestCases@d44fc21</td></tr>
<tr>
<td title='shield.enus.com.nvidia.www.javatests.AddToCartTestCases.verifyCartProductCountIncrease()'><b>verifyCartProductCountIncrease</b><br>Test class: shield.enus.com.nvidia.www.javatests.AddToCartTestCases<br>Parameters: 5088905400<br/>
<a href="#Output-1420196421" onClick='toggleBox("Output-1420196421", this, "Show output", "Hide output");'>Show output</a>

<a href="#Output-1420196421" onClick="toggleAllBoxes();">Show all outputs</a>
<div class='log' id="Output-1420196421">
product count is  increased as expected<br/>
</div>
</td>
<td></td>
<td>5</td>
<td>shield.enus.com.nvidia.www.javatests.AddToCartTestCases@d44fc21</td></tr>
<tr>
<td title='shield.enus.com.nvidia.www.javatests.AddToCartTestCases.verifyCartSubTotal()'><b>verifyCartSubTotal</b><br>Test class: shield.enus.com.nvidia.www.javatests.AddToCartTestCases<br>Parameters: 5088905400<br/>
<a href="#Output-792855998" onClick='toggleBox("Output-792855998", this, "Show output", "Hide output");'>Show output</a>

<a href="#Output-792855998" onClick="toggleAllBoxes();">Show all outputs</a>
<div class='log' id="Output-792855998">
Cart Product total shows as expected <br/>
1<br/>
NVIDIA® SHIELD™ TV Pro Stand
Entfernen<br/>
€ 34.99<br/>
</div>
</td>
<td></td>
<td>0</td>
<td>shield.enus.com.nvidia.www.javatests.AddToCartTestCases@d44fc21</td></tr>
<tr>
<td title='shield.enus.com.nvidia.www.javatests.AddToCartTestCases.verifyCartTotalAmout()'><b>verifyCartTotalAmout</b><br>Test class: shield.enus.com.nvidia.www.javatests.AddToCartTestCases<br/>
<a href="#Output-1493158871" onClick='toggleBox("Output-1493158871", this, "Show output", "Hide output");'>Show output</a>

<a href="#Output-1493158871" onClick="toggleAllBoxes();">Show all outputs</a>
<div class='log' id="Output-1493158871">
Cart totla amount shows as expected€ 34.99<br/>
</div>
</td>
<td></td>
<td>0</td>
<td>shield.enus.com.nvidia.www.javatests.AddToCartTestCases@d44fc21</td></tr>
<tr>
<td title='shield.enus.com.nvidia.www.javatests.AddToCartTestCases.verifyPrice()'><b>verifyPrice</b><br>Test class: shield.enus.com.nvidia.www.javatests.AddToCartTestCases<br>Parameters: 5088905400, €34.99<br/>
<a href="#Output-1896552614" onClick='toggleBox("Output-1896552614", this, "Show output", "Hide output");'>Show output</a>

<a href="#Output-1896552614" onClick="toggleAllBoxes();">Show all outputs</a>
<div class='log' id="Output-1896552614">
productID: 5088905400 provided buttonText: €34.99 Actual Button Text: €34.99<br/>
</div>
</td>
<td></td>
<td>0</td>
<td>shield.enus.com.nvidia.www.javatests.AddToCartTestCases@d44fc21</td></tr>
<tr>
<td title='shield.enus.com.nvidia.www.javatests.AddToCartTestCases.verifyProductAddedToCart()'><b>verifyProductAddedToCart</b><br>Test class: shield.enus.com.nvidia.www.javatests.AddToCartTestCases<br>Parameters: 5088905400<br/>
<a href="#Output-872522004" onClick='toggleBox("Output-872522004", this, "Show output", "Hide output");'>Show output</a>

<a href="#Output-872522004" onClick="toggleAllBoxes();">Show all outputs</a>
<div class='log' id="Output-872522004">
Product is added to cart as expected <br/>
</div>
</td>
<td></td>
<td>0</td>
<td>shield.enus.com.nvidia.www.javatests.AddToCartTestCases@d44fc21</td></tr>
<tr>
<td title='shield.enus.com.nvidia.www.javatests.AddToCartTestCases.verifyRemoveProductFromCart()'><b>verifyRemoveProductFromCart</b><br>Test class: shield.enus.com.nvidia.www.javatests.AddToCartTestCases<br>Parameters: 5088905400<br/>
<a href="#Output-1492875057" onClick='toggleBox("Output-1492875057", this, "Show output", "Hide output");'>Show output</a>

<a href="#Output-1492875057" onClick="toggleAllBoxes();">Show all outputs</a>
<div class='log' id="Output-1492875057">
product has remvoed from cart<br/>
Empty message is shows as expected <br/>
Empty message from Cart: Your cart is empty<br/>
Remove functionalites works as expected <br/>
</div>
</td>
<td></td>
<td>5</td>
<td>shield.enus.com.nvidia.www.javatests.AddToCartTestCases@d44fc21</td></tr>
</table><p>
</body>
</html>