<?xml version="1.0" encoding="UTF-8"?>
<!-- Generated by org.testng.reporters.JUnitXMLReporter -->
<testsuite hostname="GCHAND-DT" ignored="1" name="AI HOME Page, SHIELD product" tests="14" failures="0" timestamp="18 Apr 2017 12:59:59 GMT" time="81.675" errors="0">
  <testcase name="addProductToCart" time="2.18" classname="shield.enus.com.nvidia.www.javatests.AddToCartTestCases"/>
  <testcase name="verifyButtonText" time="0.02" classname="shield.enus.com.nvidia.www.javatests.AddToCartTestCases"/>
  <testcase name="verifyPrice" time="0.016" classname="shield.enus.com.nvidia.www.javatests.AddToCartTestCases"/>
  <testcase name="verifyCartOverLayPopup" time="0.023" classname="shield.enus.com.nvidia.www.javatests.AddToCartTestCases"/>
  <testcase name="verifyProductAddedToCart" time="0.038" classname="shield.enus.com.nvidia.www.javatests.AddToCartTestCases"/>
  <testcase name="verifyCartTotalAmout" time="0.025" classname="shield.enus.com.nvidia.www.javatests.AddToCartTestCases"/>
  <testcase name="verifyCartSubTotal" time="0.041" classname="shield.enus.com.nvidia.www.javatests.AddToCartTestCases"/>
  <testcase name="verifyCartCounterUpdate" time="0.033" classname="shield.enus.com.nvidia.www.javatests.AddToCartTestCases"/>
  <testcase name="verifyCartProductCountIncrease" time="5.119" classname="shield.enus.com.nvidia.www.javatests.AddToCartTestCases"/>
  <testcase name="verifyCartProductCountDeCrease" time="5.097" classname="shield.enus.com.nvidia.www.javatests.AddToCartTestCases"/>
  <testcase name="verifyRemoveProductFromCart" time="5.107" classname="shield.enus.com.nvidia.www.javatests.AddToCartTestCases"/>
  <testcase name="verifyCartEmptymessage" time="5.08" classname="shield.enus.com.nvidia.www.javatests.AddToCartTestCases"/>
  <testcase name="verifyCartClose" time="0.066" classname="shield.enus.com.nvidia.www.javatests.AddToCartTestCases"/>
  <testcase name="verifyCheckout" time="50.583" classname="shield.enus.com.nvidia.www.javatests.AddToCartTestCases"/>
  <testcase name="specificProductCheckout" time="0.0" classname="shield.enus.com.nvidia.www.javatests.AddToCartTestCases">
    <ignored/>
  </testcase> <!-- specificProductCheckout -->
</testsuite> <!-- AI HOME Page, SHIELD product -->
