<?xml version="1.0" encoding="UTF-8"?>
<!-- Generated by org.testng.reporters.JUnitXMLReporter -->
<testsuite hostname="GCHAND-DT" ignored="2" name="Shield Home Page, SHIELD  pro product" tests="13" failures="0" timestamp="18 Apr 2017 12:53:26 GMT" time="30.399" errors="0">
  <testcase name="addProductToCart" time="2.188" classname="shield.enus.com.nvidia.www.javatests.AddToCartTestCases"/>
  <testcase name="verifyButtonText" time="0.017" classname="shield.enus.com.nvidia.www.javatests.AddToCartTestCases"/>
  <testcase name="verifyPrice" time="0.013" classname="shield.enus.com.nvidia.www.javatests.AddToCartTestCases"/>
  <testcase name="verifyCartOverLayPopup" time="0.019" classname="shield.enus.com.nvidia.www.javatests.AddToCartTestCases"/>
  <testcase name="verifyProductAddedToCart" time="0.021" classname="shield.enus.com.nvidia.www.javatests.AddToCartTestCases"/>
  <testcase name="verifyCartTotalAmout" time="0.03" classname="shield.enus.com.nvidia.www.javatests.AddToCartTestCases"/>
  <testcase name="verifyCartSubTotal" time="0.036" classname="shield.enus.com.nvidia.www.javatests.AddToCartTestCases"/>
  <testcase name="verifyCartCounterUpdate" time="0.011" classname="shield.enus.com.nvidia.www.javatests.AddToCartTestCases"/>
  <testcase name="verifyCartProductCountIncrease" time="5.132" classname="shield.enus.com.nvidia.www.javatests.AddToCartTestCases"/>
  <testcase name="verifyCartProductCountDeCrease" time="5.062" classname="shield.enus.com.nvidia.www.javatests.AddToCartTestCases"/>
  <testcase name="verifyRemoveProductFromCart" time="5.072" classname="shield.enus.com.nvidia.www.javatests.AddToCartTestCases"/>
  <testcase name="verifyCartEmptymessage" time="5.065" classname="shield.enus.com.nvidia.www.javatests.AddToCartTestCases"/>
  <testcase name="verifyCartClose" time="0.064" classname="shield.enus.com.nvidia.www.javatests.AddToCartTestCases"/>
  <testcase name="specificProductCheckout" time="0.0" classname="shield.enus.com.nvidia.www.javatests.AddToCartTestCases">
    <ignored/>
  </testcase> <!-- specificProductCheckout -->
  <testcase name="verifyCheckout" time="0.0" classname="shield.enus.com.nvidia.www.javatests.AddToCartTestCases">
    <ignored/>
  </testcase> <!-- verifyCheckout -->
</testsuite> <!-- Shield Home Page, SHIELD  pro product -->
