<html>
<head>
<title>TestNG:  Shield TV  Page, SHIELD Pro stand  product</title>
<link href="../testng.css" rel="stylesheet" type="text/css" />
<link href="../my-testng.css" rel="stylesheet" type="text/css" />

<style type="text/css">
.log { display: none;} 
.stack-trace { display: none;} 
</style>
<script type="text/javascript">
<!--
function flip(e) {
  current = e.style.display;
  if (current == 'block') {
    e.style.display = 'none';
    return 0;
  }
  else {
    e.style.display = 'block';
    return 1;
  }
}

function toggleBox(szDivId, elem, msg1, msg2)
{
  var res = -1;  if (document.getElementById) {
    res = flip(document.getElementById(szDivId));
  }
  else if (document.all) {
    // this is the way old msie versions work
    res = flip(document.all[szDivId]);
  }
  if(elem) {
    if(res == 0) elem.innerHTML = msg1; else elem.innerHTML = msg2;
  }

}

function toggleAllBoxes() {
  if (document.getElementsByTagName) {
    d = document.getElementsByTagName('div');
    for (i = 0; i < d.length; i++) {
      if (d[i].className == 'log') {
        flip(d[i]);
      }
    }
  }
}

// -->
</script>

</head>
<body>
<h2 align='center'>Shield TV  Page, SHIELD Pro stand  product</h2><table border='1' align="center">
<tr>
<td>Tests passed/Failed/Skipped:</td><td>12/1/0</td>
</tr><tr>
<td>Started on:</td><td>Tue Apr 18 18:45:12 IST 2017</td>
</tr>
<tr><td>Total time:</td><td>33 seconds (33797 ms)</td>
</tr><tr>
<td>Included groups:</td><td></td>
</tr><tr>
<td>Excluded groups:</td><td></td>
</tr>
</table><p/>
<small><i>(Hover the method name to see the test class name)</i></small><p/>
<table width='100%' border='1' class='invocation-failed'>
<tr><td colspan='4' align='center'><b>FAILED TESTS</b></td></tr>
<tr><td><b>Test method</b></td>
<td width="30%"><b>Exception</b></td>
<td width="10%"><b>Time (seconds)</b></td>
<td><b>Instance</b></td>
</tr>
<tr>
<td title='shield.enus.com.nvidia.www.javatests.AddToCartTestCases.verifyButtonText()'><b>verifyButtonText</b><br>Test class: shield.enus.com.nvidia.www.javatests.AddToCartTestCases<br>Parameters: 5088905600, AAJOUTER AU PANIER<br/>
<a href="#Output-1465263219" onClick='toggleBox("Output-1465263219", this, "Show output", "Hide output");'>Show output</a>

<a href="#Output-1465263219" onClick="toggleAllBoxes();">Show all outputs</a>
<div class='log' id="Output-1465263219">
productID: 5088905600 provided buttonText: AAJOUTER AU PANIER Actual Button Text: AJOUTER AU PANIER<br/>
</div>
</td>
<td><div><pre>java.lang.AssertionError: expected [true] but found [false]
	at shield.enus.com.nvidia.www.javatests.AddToCartTestCases.verifyButtonText(AddToCartTestCases.java:43)
... Removed 31 stack frames</pre></div><a href='#' onClick='toggleBox("stack-trace1465263219", this, "Click to show all stack frames", "Click to hide stack frames")'>Click to show all stack frames</a>
<div class='stack-trace' id='stack-trace1465263219'><pre>java.lang.AssertionError: expected [true] but found [false]
	at org.testng.Assert.fail(Assert.java:93)
	at org.testng.Assert.failNotEquals(Assert.java:512)
	at org.testng.Assert.assertTrue(Assert.java:41)
	at org.testng.Assert.assertTrue(Assert.java:51)
	at shield.enus.com.nvidia.www.javatests.AddToCartTestCases.verifyButtonText(AddToCartTestCases.java:43)
	at sun.reflect.GeneratedMethodAccessor13.invoke(Unknown Source)
	at sun.reflect.DelegatingMethodAccessorImpl.invoke(DelegatingMethodAccessorImpl.java:43)
	at java.lang.reflect.Method.invoke(Method.java:498)
	at org.testng.internal.MethodInvocationHelper.invokeMethod(MethodInvocationHelper.java:108)
	at org.testng.internal.Invoker.invokeMethod(Invoker.java:661)
	at org.testng.internal.Invoker.invokeTestMethod(Invoker.java:869)
	at org.testng.internal.Invoker.invokeTestMethods(Invoker.java:1193)
	at org.testng.internal.TestMethodWorker.invokeTestMethods(TestMethodWorker.java:126)
	at org.testng.internal.TestMethodWorker.run(TestMethodWorker.java:109)
	at org.testng.TestRunner.privateRun(TestRunner.java:744)
	at org.testng.TestRunner.run(TestRunner.java:602)
	at org.testng.SuiteRunner.runTest(SuiteRunner.java:380)
	at org.testng.SuiteRunner.runSequentially(SuiteRunner.java:375)
	at org.testng.SuiteRunner.privateRun(SuiteRunner.java:340)
	at org.testng.SuiteRunner.run(SuiteRunner.java:289)
	at org.testng.SuiteRunnerWorker.runSuite(SuiteRunnerWorker.java:52)
	at org.testng.SuiteRunnerWorker.run(SuiteRunnerWorker.java:86)
	at org.testng.TestNG.runSuitesSequentially(TestNG.java:1301)
	at org.testng.TestNG.runSuitesLocally(TestNG.java:1226)
	at org.testng.TestNG.runSuites(TestNG.java:1144)
	at org.testng.TestNG.run(TestNG.java:1115)
	at org.apache.maven.surefire.testng.TestNGExecutor.run(TestNGExecutor.java:281)
	at org.apache.maven.surefire.testng.TestNGXmlTestSuite.execute(TestNGXmlTestSuite.java:75)
	at org.apache.maven.surefire.testng.TestNGProvider.invoke(TestNGProvider.java:121)
	at org.apache.maven.surefire.booter.ForkedBooter.invokeProviderInSameClassLoader(ForkedBooter.java:290)
	at org.apache.maven.surefire.booter.ForkedBooter.runSuitesInProcess(ForkedBooter.java:242)
	at org.apache.maven.surefire.booter.ForkedBooter.main(ForkedBooter.java:121)
</pre></div></td>
<td>0</td>
<td>shield.enus.com.nvidia.www.javatests.AddToCartTestCases@2c039ac6</td></tr>
</table><p>
<table width='100%' border='1' class='invocation-passed'>
<tr><td colspan='4' align='center'><b>PASSED TESTS</b></td></tr>
<tr><td><b>Test method</b></td>
<td width="30%"><b>Exception</b></td>
<td width="10%"><b>Time (seconds)</b></td>
<td><b>Instance</b></td>
</tr>
<tr>
<td title='shield.enus.com.nvidia.www.javatests.AddToCartTestCases.addProductToCart()'><b>addProductToCart</b><br>Test class: shield.enus.com.nvidia.www.javatests.AddToCartTestCases<br>Parameters: 5088905600<br/>
<a href="#Output-1234435772" onClick='toggleBox("Output-1234435772", this, "Show output", "Hide output");'>Show output</a>

<a href="#Output-1234435772" onClick="toggleAllBoxes();">Show all outputs</a>
<div class='log' id="Output-1234435772">
info: Web element scrolling success [[FirefoxDriver: firefox on ANY (b09cca0e-7557-4097-bc86-3a3859979088)] -> xpath: .//li[contains(@data-tab, '-tab-2')]]<br/>
info: Web element scrolling success [[FirefoxDriver: firefox on ANY (b09cca0e-7557-4097-bc86-3a3859979088)] -> xpath: .//div[starts-with(@class,'product-row__item js-product-item') and @data-digital-river-id='5088905600']/div[2]/a]<br/>
Info: Button call to action works as expected<br/>
</div>
</td>
<td></td>
<td>4</td>
<td>shield.enus.com.nvidia.www.javatests.AddToCartTestCases@2c039ac6</td></tr>
<tr>
<td title='shield.enus.com.nvidia.www.javatests.AddToCartTestCases.verifyCartClose()'><b>verifyCartClose</b><br>Test class: shield.enus.com.nvidia.www.javatests.AddToCartTestCases<br/>
<a href="#Output-747378368" onClick='toggleBox("Output-747378368", this, "Show output", "Hide output");'>Show output</a>

<a href="#Output-747378368" onClick="toggleAllBoxes();">Show all outputs</a>
<div class='log' id="Output-747378368">
 Clicked the Cart pop-up <br/>
Cart pop-up is closed<br/>
</div>
</td>
<td></td>
<td>0</td>
<td>shield.enus.com.nvidia.www.javatests.AddToCartTestCases@2c039ac6</td></tr>
<tr>
<td title='shield.enus.com.nvidia.www.javatests.AddToCartTestCases.verifyCartCounterUpdate()'><b>verifyCartCounterUpdate</b><br>Test class: shield.enus.com.nvidia.www.javatests.AddToCartTestCases<br/>
<a href="#Output-987255094" onClick='toggleBox("Output-987255094", this, "Show output", "Hide output");'>Show output</a>

<a href="#Output-987255094" onClick="toggleAllBoxes();">Show all outputs</a>
<div class='log' id="Output-987255094">
Cart Counter has updated once added the product <br/>
</div>
</td>
<td></td>
<td>0</td>
<td>shield.enus.com.nvidia.www.javatests.AddToCartTestCases@2c039ac6</td></tr>
<tr>
<td title='shield.enus.com.nvidia.www.javatests.AddToCartTestCases.verifyCartEmptymessage()'><b>verifyCartEmptymessage</b><br>Test class: shield.enus.com.nvidia.www.javatests.AddToCartTestCases<br>Parameters: 5088905600<br/>
<a href="#Output-1015545330" onClick='toggleBox("Output-1015545330", this, "Show output", "Hide output");'>Show output</a>

<a href="#Output-1015545330" onClick="toggleAllBoxes();">Show all outputs</a>
<div class='log' id="Output-1015545330">
product has remvoed from cart<br/>
Empty message is shows as expected <br/>
Empty message from Cart: Your cart is empty<br/>
</div>
</td>
<td></td>
<td>5</td>
<td>shield.enus.com.nvidia.www.javatests.AddToCartTestCases@2c039ac6</td></tr>
<tr>
<td title='shield.enus.com.nvidia.www.javatests.AddToCartTestCases.verifyCartOverLayPopup()'><b>verifyCartOverLayPopup</b><br>Test class: shield.enus.com.nvidia.www.javatests.AddToCartTestCases<br>Parameters: 5088905600<br/>
<a href="#Output-848409667" onClick='toggleBox("Output-848409667", this, "Show output", "Hide output");'>Show output</a>

<a href="#Output-848409667" onClick="toggleAllBoxes();">Show all outputs</a>
<div class='log' id="Output-848409667">
Info: Cart overLay pop-up shows after added the product<br/>
</div>
</td>
<td></td>
<td>0</td>
<td>shield.enus.com.nvidia.www.javatests.AddToCartTestCases@2c039ac6</td></tr>
<tr>
<td title='shield.enus.com.nvidia.www.javatests.AddToCartTestCases.verifyCartProductCountDeCrease()'><b>verifyCartProductCountDeCrease</b><br>Test class: shield.enus.com.nvidia.www.javatests.AddToCartTestCases<br>Parameters: 5088905600<br/>
<a href="#Output-1244211620" onClick='toggleBox("Output-1244211620", this, "Show output", "Hide output");'>Show output</a>

<a href="#Output-1244211620" onClick="toggleAllBoxes();">Show all outputs</a>
<div class='log' id="Output-1244211620">
product count is  decreased as expected<br/>
</div>
</td>
<td></td>
<td>5</td>
<td>shield.enus.com.nvidia.www.javatests.AddToCartTestCases@2c039ac6</td></tr>
<tr>
<td title='shield.enus.com.nvidia.www.javatests.AddToCartTestCases.verifyCartProductCountIncrease()'><b>verifyCartProductCountIncrease</b><br>Test class: shield.enus.com.nvidia.www.javatests.AddToCartTestCases<br>Parameters: 5088905600<br/>
<a href="#Output-1996787860" onClick='toggleBox("Output-1996787860", this, "Show output", "Hide output");'>Show output</a>

<a href="#Output-1996787860" onClick="toggleAllBoxes();">Show all outputs</a>
<div class='log' id="Output-1996787860">
product count is  increased as expected<br/>
</div>
</td>
<td></td>
<td>5</td>
<td>shield.enus.com.nvidia.www.javatests.AddToCartTestCases@2c039ac6</td></tr>
<tr>
<td title='shield.enus.com.nvidia.www.javatests.AddToCartTestCases.verifyCartSubTotal()'><b>verifyCartSubTotal</b><br>Test class: shield.enus.com.nvidia.www.javatests.AddToCartTestCases<br>Parameters: 5088905600<br/>
<a href="#Output-461001437" onClick='toggleBox("Output-461001437", this, "Show output", "Hide output");'>Show output</a>

<a href="#Output-461001437" onClick="toggleAllBoxes();">Show all outputs</a>
<div class='log' id="Output-461001437">
Cart Product total shows as expected <br/>
1<br/>
NVIDIA® SHIELD™ TV Pro Stand
Supprimer<br/>
€ 34.99<br/>
</div>
</td>
<td></td>
<td>0</td>
<td>shield.enus.com.nvidia.www.javatests.AddToCartTestCases@2c039ac6</td></tr>
<tr>
<td title='shield.enus.com.nvidia.www.javatests.AddToCartTestCases.verifyCartTotalAmout()'><b>verifyCartTotalAmout</b><br>Test class: shield.enus.com.nvidia.www.javatests.AddToCartTestCases<br/>
<a href="#Output-2070372626" onClick='toggleBox("Output-2070372626", this, "Show output", "Hide output");'>Show output</a>

<a href="#Output-2070372626" onClick="toggleAllBoxes();">Show all outputs</a>
<div class='log' id="Output-2070372626">
Cart totla amount shows as expected€ 34.99<br/>
</div>
</td>
<td></td>
<td>0</td>
<td>shield.enus.com.nvidia.www.javatests.AddToCartTestCases@2c039ac6</td></tr>
<tr>
<td title='shield.enus.com.nvidia.www.javatests.AddToCartTestCases.verifyPrice()'><b>verifyPrice</b><br>Test class: shield.enus.com.nvidia.www.javatests.AddToCartTestCases<br>Parameters: 5088905600, €34.99<br/>
<a href="#Output-1271084832" onClick='toggleBox("Output-1271084832", this, "Show output", "Hide output");'>Show output</a>

<a href="#Output-1271084832" onClick="toggleAllBoxes();">Show all outputs</a>
<div class='log' id="Output-1271084832">
productID: 5088905600 provided buttonText: €34.99 Actual Button Text: €34.99<br/>
</div>
</td>
<td></td>
<td>0</td>
<td>shield.enus.com.nvidia.www.javatests.AddToCartTestCases@2c039ac6</td></tr>
<tr>
<td title='shield.enus.com.nvidia.www.javatests.AddToCartTestCases.verifyProductAddedToCart()'><b>verifyProductAddedToCart</b><br>Test class: shield.enus.com.nvidia.www.javatests.AddToCartTestCases<br>Parameters: 5088905600<br/>
<a href="#Output-1293465402" onClick='toggleBox("Output-1293465402", this, "Show output", "Hide output");'>Show output</a>

<a href="#Output-1293465402" onClick="toggleAllBoxes();">Show all outputs</a>
<div class='log' id="Output-1293465402">
Product is added to cart as expected <br/>
</div>
</td>
<td></td>
<td>0</td>
<td>shield.enus.com.nvidia.www.javatests.AddToCartTestCases@2c039ac6</td></tr>
<tr>
<td title='shield.enus.com.nvidia.www.javatests.AddToCartTestCases.verifyRemoveProductFromCart()'><b>verifyRemoveProductFromCart</b><br>Test class: shield.enus.com.nvidia.www.javatests.AddToCartTestCases<br>Parameters: 5088905600<br/>
<a href="#Output-1074976188" onClick='toggleBox("Output-1074976188", this, "Show output", "Hide output");'>Show output</a>

<a href="#Output-1074976188" onClick="toggleAllBoxes();">Show all outputs</a>
<div class='log' id="Output-1074976188">
product has remvoed from cart<br/>
Empty message is shows as expected <br/>
Empty message from Cart: Your cart is empty<br/>
Remove functionalites works as expected <br/>
</div>
</td>
<td></td>
<td>5</td>
<td>shield.enus.com.nvidia.www.javatests.AddToCartTestCases@2c039ac6</td></tr>
</table><p>
</body>
</html>