<?xml version="1.0" encoding="UTF-8"?>
<!-- Generated by org.testng.reporters.JUnitXMLReporter -->
<testsuite hostname="GCHAND-DT" name="PascalSite GeForce GTC 1060  Product" tests="10" failures="0" timestamp="4 Apr 2017 10:08:49 GMT" time="89.386" errors="0">
  <testcase name="VerifyProductIsAddedToCartOrnot" time="19.387" classname="shield.enus.com.nvidia.www.javatests.PascalAddToCartTests"/>
  <testcase name="VerifyCartOverLayPopup" time="0.016" classname="shield.enus.com.nvidia.www.javatests.PascalAddToCartTests"/>
  <testcase name="verifyProductAddedToCart" time="0.016" classname="shield.enus.com.nvidia.www.javatests.PascalAddToCartTests"/>
  <testcase name="verifyCartTotalAmout" time="0.01" classname="shield.enus.com.nvidia.www.javatests.PascalAddToCartTests"/>
  <testcase name="verifyCartSubTotal" time="0.007" classname="shield.enus.com.nvidia.www.javatests.PascalAddToCartTests"/>
  <testcase name="verifyCartProductCountDeCrease" time="10.076" classname="shield.enus.com.nvidia.www.javatests.PascalAddToCartTests"/>
  <testcase name="verifyCartProductCountIncrease" time="5.06" classname="shield.enus.com.nvidia.www.javatests.PascalAddToCartTests"/>
  <testcase name="verifyRemoveProductFromCart" time="5.072" classname="shield.enus.com.nvidia.www.javatests.PascalAddToCartTests"/>
  <testcase name="verifyCartEmptymessage" time="24.757" classname="shield.enus.com.nvidia.www.javatests.PascalAddToCartTests"/>
  <testcase name="verifyCheckoutFlow" time="17.159" classname="shield.enus.com.nvidia.www.javatests.PascalAddToCartTests"/>
</testsuite> <!-- PascalSite GeForce GTC 1060  Product -->
