<html>
<head>
<title>TestNG:  Shield TV  Page, SHIELD product</title>
<link href="../testng.css" rel="stylesheet" type="text/css" />
<link href="../my-testng.css" rel="stylesheet" type="text/css" />

<style type="text/css">
.log { display: none;} 
.stack-trace { display: none;} 
</style>
<script type="text/javascript">
<!--
function flip(e) {
  current = e.style.display;
  if (current == 'block') {
    e.style.display = 'none';
    return 0;
  }
  else {
    e.style.display = 'block';
    return 1;
  }
}

function toggleBox(szDivId, elem, msg1, msg2)
{
  var res = -1;  if (document.getElementById) {
    res = flip(document.getElementById(szDivId));
  }
  else if (document.all) {
    // this is the way old msie versions work
    res = flip(document.all[szDivId]);
  }
  if(elem) {
    if(res == 0) elem.innerHTML = msg1; else elem.innerHTML = msg2;
  }

}

function toggleAllBoxes() {
  if (document.getElementsByTagName) {
    d = document.getElementsByTagName('div');
    for (i = 0; i < d.length; i++) {
      if (d[i].className == 'log') {
        flip(d[i]);
      }
    }
  }
}

// -->
</script>

</head>
<body>
<h2 align='center'>Shield TV  Page, SHIELD product</h2><table border='1' align="center">
<tr>
<td>Tests passed/Failed/Skipped:</td><td>13/1/0</td>
</tr><tr>
<td>Started on:</td><td>Wed Apr 05 17:46:28 IST 2017</td>
</tr>
<tr><td>Total time:</td><td>53 seconds (53624 ms)</td>
</tr><tr>
<td>Included groups:</td><td></td>
</tr><tr>
<td>Excluded groups:</td><td></td>
</tr>
</table><p/>
<small><i>(Hover the method name to see the test class name)</i></small><p/>
<table width='100%' border='1' class='invocation-failed'>
<tr><td colspan='4' align='center'><b>FAILED TESTS</b></td></tr>
<tr><td><b>Test method</b></td>
<td width="30%"><b>Exception</b></td>
<td width="10%"><b>Time (seconds)</b></td>
<td><b>Instance</b></td>
</tr>
<tr>
<td title='shield.enus.com.nvidia.www.javatests.AddToCartTestCases.verifyCheckout()'><b>verifyCheckout</b><br>Test class: shield.enus.com.nvidia.www.javatests.AddToCartTestCases<br>Parameters: C:\\temp\\, shieldtv-checkout<br/>
<a href="#Output-369347944" onClick='toggleBox("Output-369347944", this, "Show output", "Hide output");'>Show output</a>

<a href="#Output-369347944" onClick="toggleAllBoxes();">Show all outputs</a>
<div class='log' id="Output-369347944">
info: Web element scrolling success [[FirefoxDriver: firefox on ANY (72c08ea8-249b-4bfc-bacf-9e2e34f7a1cb)] -> css selector: .cta-preorder-button.js-add-button.btn]<br/>
info: Web element scrolling success [[FirefoxDriver: firefox on ANY (72c08ea8-249b-4bfc-bacf-9e2e34f7a1cb)] -> css selector: .cta-preorder-button.js-add-button.btn]<br/>
info: Web element scrolling success [[FirefoxDriver: firefox on ANY (72c08ea8-249b-4bfc-bacf-9e2e34f7a1cb)] -> css selector: .cta-preorder-button.js-add-button.btn]<br/>
info: Web element scrolling success [[FirefoxDriver: firefox on ANY (72c08ea8-249b-4bfc-bacf-9e2e34f7a1cb)] -> css selector: .cta-preorder-button.js-add-button.btn]<br/>
info: Web element scrolling success [[FirefoxDriver: firefox on ANY (72c08ea8-249b-4bfc-bacf-9e2e34f7a1cb)] -> css selector: .cta-preorder-button.js-add-button.btn]<br/>
info: Web element scrolling success [[FirefoxDriver: firefox on ANY (72c08ea8-249b-4bfc-bacf-9e2e34f7a1cb)] -> css selector: .cta-preorder-button.js-add-button.btn]<br/>
info: Web element scrolling success [[FirefoxDriver: firefox on ANY (72c08ea8-249b-4bfc-bacf-9e2e34f7a1cb)] -> css selector: .cta-preorder-button.js-add-button.btn]<br/>
ClickAllProductButtons: Exception in CheckoutFlow, ignorable<br/>
info: Web element scrolling success [[FirefoxDriver: firefox on ANY (72c08ea8-249b-4bfc-bacf-9e2e34f7a1cb)] -> css selector: .cta-preorder-button.js-add-button.btn]<br/>
ClickAllProductButtons: Exception in CheckoutFlow, ignorable<br/>
info: Web element scrolling success [[FirefoxDriver: firefox on ANY (72c08ea8-249b-4bfc-bacf-9e2e34f7a1cb)] -> css selector: .cta-preorder-button.js-add-button.btn]<br/>
ClickAllProductButtons: Exception in CheckoutFlow, ignorable<br/>
info: Web element scrolling success [[FirefoxDriver: firefox on ANY (72c08ea8-249b-4bfc-bacf-9e2e34f7a1cb)] -> css selector: .cta-preorder-button.js-add-button.btn]<br/>
ClickAllProductButtons: Exception in CheckoutFlow, ignorable<br/>
 Check out exceptionUnable to locate element: .nav-cart-link
For documentation on this error, please visit: http://seleniumhq.org/exceptions/no_such_element.html
Build info: version: '3.0.1', revision: '1969d75', time: '2016-10-18 09:49:13 -0700'
System info: host: 'GCHAND-DT', ip: '10.24.35.10', os.name: 'Windows 10', os.arch: 'amd64', os.version: '10.0', java.version: '1.8.0_121'
Driver info: org.openqa.selenium.firefox.FirefoxDriver
Capabilities [{moz:profile=C:\Users\GCHAND~1.COM\AppData\Local\Temp\rust_mozprofile.o6M8DDcjybnZ, rotatable=false, timeouts={implicit=0, page load=300000, script=30000}, pageLoadStrategy=normal, platform=ANY, specificationLevel=0, moz:accessibilityChecks=false, acceptInsecureCerts=false, browserVersion=52.0.2, platformVersion=10.0, moz:processID=19008, browserName=firefox, platformName=windows_nt}]
Session ID: 72c08ea8-249b-4bfc-bacf-9e2e34f7a1cb
*** Element info: {Using=css selector, value=.nav-cart-link}<br/>
refer this screenshot:C:\Users\gchand.NVIDIA.COM\.jenkins\workspace\shield2.1\shieldJan10th-gopi.zip_expanded\SanityChecks\screenshots checkout<br/>
</div>
</td>
<td><div><pre>java.lang.AssertionError: expected [true] but found [false]
	at shield.enus.com.nvidia.www.javatests.AddToCartTestCases.verifyCheckout(AddToCartTestCases.java:124)
... Removed 28 stack frames</pre></div><a href='#' onClick='toggleBox("stack-trace369347944", this, "Click to show all stack frames", "Click to hide stack frames")'>Click to show all stack frames</a>
<div class='stack-trace' id='stack-trace369347944'><pre>java.lang.AssertionError: expected [true] but found [false]
	at org.testng.Assert.fail(Assert.java:94)
	at org.testng.Assert.failNotEquals(Assert.java:494)
	at org.testng.Assert.assertTrue(Assert.java:42)
	at org.testng.Assert.assertTrue(Assert.java:52)
	at shield.enus.com.nvidia.www.javatests.AddToCartTestCases.verifyCheckout(AddToCartTestCases.java:124)
	at sun.reflect.NativeMethodAccessorImpl.invoke0(Native Method)
	at sun.reflect.NativeMethodAccessorImpl.invoke(NativeMethodAccessorImpl.java:62)
	at sun.reflect.DelegatingMethodAccessorImpl.invoke(DelegatingMethodAccessorImpl.java:43)
	at java.lang.reflect.Method.invoke(Method.java:498)
	at org.testng.internal.MethodInvocationHelper.invokeMethod(MethodInvocationHelper.java:80)
	at org.testng.internal.Invoker.invokeMethod(Invoker.java:714)
	at org.testng.internal.Invoker.invokeTestMethod(Invoker.java:901)
	at org.testng.internal.Invoker.invokeTestMethods(Invoker.java:1231)
	at org.testng.internal.TestMethodWorker.invokeTestMethods(TestMethodWorker.java:127)
	at org.testng.internal.TestMethodWorker.run(TestMethodWorker.java:111)
	at org.testng.TestRunner.privateRun(TestRunner.java:767)
	at org.testng.TestRunner.run(TestRunner.java:617)
	at org.testng.SuiteRunner.runTest(SuiteRunner.java:334)
	at org.testng.SuiteRunner.runSequentially(SuiteRunner.java:329)
	at org.testng.SuiteRunner.privateRun(SuiteRunner.java:291)
	at org.testng.SuiteRunner.run(SuiteRunner.java:240)
	at org.testng.SuiteRunnerWorker.runSuite(SuiteRunnerWorker.java:52)
	at org.testng.SuiteRunnerWorker.run(SuiteRunnerWorker.java:86)
	at org.testng.TestNG.runSuitesSequentially(TestNG.java:1198)
	at org.testng.TestNG.runSuitesLocally(TestNG.java:1123)
	at org.testng.TestNG.run(TestNG.java:1031)
	at org.testng.remote.AbstractRemoteTestNG.run(AbstractRemoteTestNG.java:126)
	at org.testng.remote.RemoteTestNG.initAndRun(RemoteTestNG.java:152)
	at org.testng.remote.RemoteTestNG.main(RemoteTestNG.java:57)
</pre></div></td>
<td>21</td>
<td>shield.enus.com.nvidia.www.javatests.AddToCartTestCases@3cef309d</td></tr>
</table><p>
<table width='100%' border='1' class='invocation-passed'>
<tr><td colspan='4' align='center'><b>PASSED TESTS</b></td></tr>
<tr><td><b>Test method</b></td>
<td width="30%"><b>Exception</b></td>
<td width="10%"><b>Time (seconds)</b></td>
<td><b>Instance</b></td>
</tr>
<tr>
<td title='shield.enus.com.nvidia.www.javatests.AddToCartTestCases.addProductToCart()'><b>addProductToCart</b><br>Test class: shield.enus.com.nvidia.www.javatests.AddToCartTestCases<br>Parameters: 5088793900<br/>
<a href="#Output-2052435819" onClick='toggleBox("Output-2052435819", this, "Show output", "Hide output");'>Show output</a>

<a href="#Output-2052435819" onClick="toggleAllBoxes();">Show all outputs</a>
<div class='log' id="Output-2052435819">
info: Web element scrolling success [[FirefoxDriver: firefox on ANY (72c08ea8-249b-4bfc-bacf-9e2e34f7a1cb)] -> xpath: .//div[starts-with(@class,'product-row__item js-product-item') and @data-digital-river-id='5088793900']/div[2]/a]<br/>
Info: Button call to action works as expected<br/>
</div>
</td>
<td></td>
<td>2</td>
<td>shield.enus.com.nvidia.www.javatests.AddToCartTestCases@3cef309d</td></tr>
<tr>
<td title='shield.enus.com.nvidia.www.javatests.AddToCartTestCases.verifyButtonText()'><b>verifyButtonText</b><br>Test class: shield.enus.com.nvidia.www.javatests.AddToCartTestCases<br>Parameters: 5088793900, Add to Cart<br/>
<a href="#Output-1435229983" onClick='toggleBox("Output-1435229983", this, "Show output", "Hide output");'>Show output</a>

<a href="#Output-1435229983" onClick="toggleAllBoxes();">Show all outputs</a>
<div class='log' id="Output-1435229983">
productID: 5088793900 provided buttonText: Add to Cart Actual Button Text: ADD TO CART<br/>
</div>
</td>
<td></td>
<td>0</td>
<td>shield.enus.com.nvidia.www.javatests.AddToCartTestCases@3cef309d</td></tr>
<tr>
<td title='shield.enus.com.nvidia.www.javatests.AddToCartTestCases.verifyCartClose()'><b>verifyCartClose</b><br>Test class: shield.enus.com.nvidia.www.javatests.AddToCartTestCases<br/>
<a href="#Output-1632914150" onClick='toggleBox("Output-1632914150", this, "Show output", "Hide output");'>Show output</a>

<a href="#Output-1632914150" onClick="toggleAllBoxes();">Show all outputs</a>
<div class='log' id="Output-1632914150">
 Clicked the Cart pop-up <br/>
Cart pop-up is closed<br/>
</div>
</td>
<td></td>
<td>0</td>
<td>shield.enus.com.nvidia.www.javatests.AddToCartTestCases@3cef309d</td></tr>
<tr>
<td title='shield.enus.com.nvidia.www.javatests.AddToCartTestCases.verifyCartCounterUpdate()'><b>verifyCartCounterUpdate</b><br>Test class: shield.enus.com.nvidia.www.javatests.AddToCartTestCases<br/>
<a href="#Output-1512903453" onClick='toggleBox("Output-1512903453", this, "Show output", "Hide output");'>Show output</a>

<a href="#Output-1512903453" onClick="toggleAllBoxes();">Show all outputs</a>
<div class='log' id="Output-1512903453">
Cart Counter has updated once added the product <br/>
</div>
</td>
<td></td>
<td>0</td>
<td>shield.enus.com.nvidia.www.javatests.AddToCartTestCases@3cef309d</td></tr>
<tr>
<td title='shield.enus.com.nvidia.www.javatests.AddToCartTestCases.verifyCartEmptymessage()'><b>verifyCartEmptymessage</b><br>Test class: shield.enus.com.nvidia.www.javatests.AddToCartTestCases<br>Parameters: 5088793900<br/>
<a href="#Output-1825419935" onClick='toggleBox("Output-1825419935", this, "Show output", "Hide output");'>Show output</a>

<a href="#Output-1825419935" onClick="toggleAllBoxes();">Show all outputs</a>
<div class='log' id="Output-1825419935">
product has remvoed from cart<br/>
Empty message is shows as expected <br/>
Empty message from Cart: Your cart is empty<br/>
</div>
</td>
<td></td>
<td>5</td>
<td>shield.enus.com.nvidia.www.javatests.AddToCartTestCases@3cef309d</td></tr>
<tr>
<td title='shield.enus.com.nvidia.www.javatests.AddToCartTestCases.verifyCartOverLayPopup()'><b>verifyCartOverLayPopup</b><br>Test class: shield.enus.com.nvidia.www.javatests.AddToCartTestCases<br>Parameters: 5088793900<br/>
<a href="#Output-1951963537" onClick='toggleBox("Output-1951963537", this, "Show output", "Hide output");'>Show output</a>

<a href="#Output-1951963537" onClick="toggleAllBoxes();">Show all outputs</a>
<div class='log' id="Output-1951963537">
Info: Cart overLay pop-up shows after added the product<br/>
</div>
</td>
<td></td>
<td>0</td>
<td>shield.enus.com.nvidia.www.javatests.AddToCartTestCases@3cef309d</td></tr>
<tr>
<td title='shield.enus.com.nvidia.www.javatests.AddToCartTestCases.verifyCartProductCountDeCrease()'><b>verifyCartProductCountDeCrease</b><br>Test class: shield.enus.com.nvidia.www.javatests.AddToCartTestCases<br>Parameters: 5088793900<br/>
<a href="#Output-802771878" onClick='toggleBox("Output-802771878", this, "Show output", "Hide output");'>Show output</a>

<a href="#Output-802771878" onClick="toggleAllBoxes();">Show all outputs</a>
<div class='log' id="Output-802771878">
product count is  decreased as expected<br/>
</div>
</td>
<td></td>
<td>5</td>
<td>shield.enus.com.nvidia.www.javatests.AddToCartTestCases@3cef309d</td></tr>
<tr>
<td title='shield.enus.com.nvidia.www.javatests.AddToCartTestCases.verifyCartProductCountIncrease()'><b>verifyCartProductCountIncrease</b><br>Test class: shield.enus.com.nvidia.www.javatests.AddToCartTestCases<br>Parameters: 5088793900<br/>
<a href="#Output-341372316" onClick='toggleBox("Output-341372316", this, "Show output", "Hide output");'>Show output</a>

<a href="#Output-341372316" onClick="toggleAllBoxes();">Show all outputs</a>
<div class='log' id="Output-341372316">
product count is  increased as expected<br/>
</div>
</td>
<td></td>
<td>5</td>
<td>shield.enus.com.nvidia.www.javatests.AddToCartTestCases@3cef309d</td></tr>
<tr>
<td title='shield.enus.com.nvidia.www.javatests.AddToCartTestCases.verifyCartSubTotal()'><b>verifyCartSubTotal</b><br>Test class: shield.enus.com.nvidia.www.javatests.AddToCartTestCases<br>Parameters: 5088793900<br/>
<a href="#Output-45822040" onClick='toggleBox("Output-45822040", this, "Show output", "Hide output");'>Show output</a>

<a href="#Output-45822040" onClick="toggleAllBoxes();">Show all outputs</a>
<div class='log' id="Output-45822040">
Cart Product total shows as expected <br/>
1<br/>
NVIDIA® SHIELD™ TV
Remove<br/>
£ 189.99<br/>
</div>
</td>
<td></td>
<td>0</td>
<td>shield.enus.com.nvidia.www.javatests.AddToCartTestCases@3cef309d</td></tr>
<tr>
<td title='shield.enus.com.nvidia.www.javatests.AddToCartTestCases.verifyCartTotalAmout()'><b>verifyCartTotalAmout</b><br>Test class: shield.enus.com.nvidia.www.javatests.AddToCartTestCases<br/>
<a href="#Output-212011969" onClick='toggleBox("Output-212011969", this, "Show output", "Hide output");'>Show output</a>

<a href="#Output-212011969" onClick="toggleAllBoxes();">Show all outputs</a>
<div class='log' id="Output-212011969">
Cart totla amount shows as expected£ 189.99<br/>
</div>
</td>
<td></td>
<td>0</td>
<td>shield.enus.com.nvidia.www.javatests.AddToCartTestCases@3cef309d</td></tr>
<tr>
<td title='shield.enus.com.nvidia.www.javatests.AddToCartTestCases.verifyPrice()'><b>verifyPrice</b><br>Test class: shield.enus.com.nvidia.www.javatests.AddToCartTestCases<br>Parameters: 5088793900, £189.99<br/>
<a href="#Output-1733581655" onClick='toggleBox("Output-1733581655", this, "Show output", "Hide output");'>Show output</a>

<a href="#Output-1733581655" onClick="toggleAllBoxes();">Show all outputs</a>
<div class='log' id="Output-1733581655">
productID: 5088793900 provided buttonText: £189.99 Actual Button Text: £189.99<br/>
</div>
</td>
<td></td>
<td>0</td>
<td>shield.enus.com.nvidia.www.javatests.AddToCartTestCases@3cef309d</td></tr>
<tr>
<td title='shield.enus.com.nvidia.www.javatests.AddToCartTestCases.verifyProductAddedToCart()'><b>verifyProductAddedToCart</b><br>Test class: shield.enus.com.nvidia.www.javatests.AddToCartTestCases<br>Parameters: 5088793900<br/>
<a href="#Output-409598930" onClick='toggleBox("Output-409598930", this, "Show output", "Hide output");'>Show output</a>

<a href="#Output-409598930" onClick="toggleAllBoxes();">Show all outputs</a>
<div class='log' id="Output-409598930">
Product is added to cart as expected <br/>
</div>
</td>
<td></td>
<td>0</td>
<td>shield.enus.com.nvidia.www.javatests.AddToCartTestCases@3cef309d</td></tr>
<tr>
<td title='shield.enus.com.nvidia.www.javatests.AddToCartTestCases.verifyRemoveProductFromCart()'><b>verifyRemoveProductFromCart</b><br>Test class: shield.enus.com.nvidia.www.javatests.AddToCartTestCases<br>Parameters: 5088793900<br/>
<a href="#Output-1604052588" onClick='toggleBox("Output-1604052588", this, "Show output", "Hide output");'>Show output</a>

<a href="#Output-1604052588" onClick="toggleAllBoxes();">Show all outputs</a>
<div class='log' id="Output-1604052588">
product has remvoed from cart<br/>
Empty message is shows as expected <br/>
Empty message from Cart: Your cart is empty<br/>
Remove functionalites works as expected <br/>
</div>
</td>
<td></td>
<td>5</td>
<td>shield.enus.com.nvidia.www.javatests.AddToCartTestCases@3cef309d</td></tr>
</table><p>
</body>
</html>